  Transformer.cpp
D:\Visual Studio\Project\컴퓨터그래픽스\CG_HW_Transformer\CG_HW_Transformer\objRead.cpp(75,29): warning C4244: '=': 'double'에서 'float'(으)로 변환하면서 데이터가 손실될 수 있습니다.
D:\Visual Studio\Project\컴퓨터그래픽스\CG_HW_Transformer\CG_HW_Transformer\objRead.cpp(76,29): warning C4244: '=': 'double'에서 'float'(으)로 변환하면서 데이터가 손실될 수 있습니다.
D:\Visual Studio\Project\컴퓨터그래픽스\CG_HW_Transformer\CG_HW_Transformer\objRead.cpp(77,29): warning C4244: '=': 'double'에서 'float'(으)로 변환하면서 데이터가 손실될 수 있습니다.
D:\Visual Studio\Project\컴퓨터그래픽스\CG_HW_Transformer\CG_HW_Transformer\function.h(79,21): warning C4305: '초기화 중': 'double'에서 'GLfloat'(으)로 잘립니다.
D:\Visual Studio\Project\컴퓨터그래픽스\CG_HW_Transformer\CG_HW_Transformer\function.cpp(123,34): warning C4305: '인수': 'double'에서 'GLfloat'(으)로 잘립니다.
D:\Visual Studio\Project\컴퓨터그래픽스\CG_HW_Transformer\CG_HW_Transformer\function.cpp(126,45): warning C4305: '인수': 'double'에서 'GLfloat'(으)로 잘립니다.
D:\Visual Studio\Project\컴퓨터그래픽스\CG_HW_Transformer\CG_HW_Transformer\function.cpp(214,22): warning C4244: '=': 'double'에서 'GLfloat'(으)로 변환하면서 데이터가 손실될 수 있습니다.
D:\Visual Studio\Project\컴퓨터그래픽스\CG_HW_Transformer\CG_HW_Transformer\function.cpp(220,22): warning C4244: '=': 'double'에서 'GLfloat'(으)로 변환하면서 데이터가 손실될 수 있습니다.
D:\Visual Studio\Project\컴퓨터그래픽스\CG_HW_Transformer\CG_HW_Transformer\function.cpp(406,33): warning C4244: '=': 'double'에서 'GLfloat'(으)로 변환하면서 데이터가 손실될 수 있습니다.
D:\Visual Studio\Project\컴퓨터그래픽스\CG_HW_Transformer\CG_HW_Transformer\function.cpp(407,33): warning C4244: '=': 'double'에서 'GLfloat'(으)로 변환하면서 데이터가 손실될 수 있습니다.
D:\Visual Studio\Project\컴퓨터그래픽스\CG_HW_Transformer\CG_HW_Transformer\function.cpp(408,33): warning C4244: '=': 'double'에서 'GLfloat'(으)로 변환하면서 데이터가 손실될 수 있습니다.
D:\Visual Studio\Project\컴퓨터그래픽스\CG_HW_Transformer\CG_HW_Transformer\function.cpp(409,33): warning C4244: '=': 'double'에서 'GLfloat'(으)로 변환하면서 데이터가 손실될 수 있습니다.
D:\Visual Studio\Project\컴퓨터그래픽스\CG_HW_Transformer\CG_HW_Transformer\function.cpp(412,34): warning C4244: '=': 'double'에서 'GLfloat'(으)로 변환하면서 데이터가 손실될 수 있습니다.
D:\Visual Studio\Project\컴퓨터그래픽스\CG_HW_Transformer\CG_HW_Transformer\function.cpp(414,34): warning C4244: '=': 'double'에서 'GLfloat'(으)로 변환하면서 데이터가 손실될 수 있습니다.
D:\Visual Studio\Project\컴퓨터그래픽스\CG_HW_Transformer\CG_HW_Transformer\function.cpp(416,34): warning C4244: '=': 'double'에서 'GLfloat'(으)로 변환하면서 데이터가 손실될 수 있습니다.
D:\Visual Studio\Project\컴퓨터그래픽스\CG_HW_Transformer\CG_HW_Transformer\function.cpp(418,34): warning C4244: '=': 'double'에서 'GLfloat'(으)로 변환하면서 데이터가 손실될 수 있습니다.
D:\Visual Studio\Project\컴퓨터그래픽스\CG_HW_Transformer\CG_HW_Transformer\function.cpp(423,15): warning C4244: '초기화 중': 'double'에서 'GLfloat'(으)로 변환하면서 데이터가 손실될 수 있습니다.
D:\Visual Studio\Project\컴퓨터그래픽스\CG_HW_Transformer\CG_HW_Transformer\function.cpp(424,15): warning C4244: '초기화 중': 'double'에서 'GLfloat'(으)로 변환하면서 데이터가 손실될 수 있습니다.
  CG_HW_Transformer.vcxproj -> D:\Visual Studio\Project\컴퓨터그래픽스\CG_HW_Transformer\Debug\CG_HW_Transformer.exe
